Flat profile:

Each sample counts as 0.01 seconds.
  %   cumulative   self              self     total           
 time   seconds   seconds    calls  Ts/call  Ts/call  name    
100.31      0.04     0.04                             main
  0.00      0.04     0.00        1     0.00     0.00  initu2_1
  0.00      0.04     0.00        1     0.00     0.00  initu2_2
  0.00      0.04     0.00        1     0.00     0.00  jacobitr
  0.00      0.04     0.00        1     0.00     0.00  printlayout
  0.00      0.04     0.00        1     0.00     0.00  rightboundry
  0.00      0.04     0.00        1     0.00     0.00  upperboundry
  0.00      0.04     0.00        1     0.00     0.00  writefile

			Call graph


granularity: each sample hit covers 2 byte(s) for 24.92% of 0.04 seconds

index % time    self  children    called     name
                                                 <spontaneous>
[1]    100.0    0.04    0.00                 main [1]
                0.00    0.00       1/1           printlayout [5]
                0.00    0.00       1/1           upperboundry [7]
                0.00    0.00       1/1           initu2_2 [3]
                0.00    0.00       1/1           rightboundry [6]
                0.00    0.00       1/1           initu2_1 [2]
                0.00    0.00       1/1           jacobitr [4]
                0.00    0.00       1/1           writefile [8]
-----------------------------------------------
                0.00    0.00       1/1           main [1]
[2]      0.0    0.00    0.00       1         initu2_1 [2]
-----------------------------------------------
                0.00    0.00       1/1           main [1]
[3]      0.0    0.00    0.00       1         initu2_2 [3]
-----------------------------------------------
                0.00    0.00       1/1           main [1]
[4]      0.0    0.00    0.00       1         jacobitr [4]
-----------------------------------------------
                0.00    0.00       1/1           main [1]
[5]      0.0    0.00    0.00       1         printlayout [5]
-----------------------------------------------
                0.00    0.00       1/1           main [1]
[6]      0.0    0.00    0.00       1         rightboundry [6]
-----------------------------------------------
                0.00    0.00       1/1           main [1]
[7]      0.0    0.00    0.00       1         upperboundry [7]
-----------------------------------------------
                0.00    0.00       1/1           main [1]
[8]      0.0    0.00    0.00       1         writefile [8]
-----------------------------------------------

Index by function name

   [2] initu2_1                [1] main                    [7] upperboundry
   [3] initu2_2                [5] printlayout             [8] writefile
   [4] jacobitr                [6] rightboundry
